{"/Users/krishedges/code/convolver-player/packages/react/react-convolver-player/src/assets/sounds/click.wav": {"path":"/Users/krishedges/code/convolver-player/packages/react/react-convolver-player/src/assets/sounds/click.wav","statementMap":{},"fnMap":{},"branchMap":{},"s":{},"f":{},"b":{},"meta":{"lastBranch":0,"lastFunction":0,"lastStatement":0,"seen":{}}}
,"/Users/krishedges/code/convolver-player/packages/react/react-convolver-player/src/assets/sounds/guitar.wav": {"path":"/Users/krishedges/code/convolver-player/packages/react/react-convolver-player/src/assets/sounds/guitar.wav","statementMap":{},"fnMap":{},"branchMap":{},"s":{},"f":{},"b":{},"meta":{"lastBranch":0,"lastFunction":0,"lastStatement":0,"seen":{}}}
,"/Users/krishedges/code/convolver-player/packages/react/react-convolver-player/src/assets/sounds/piano.wav": {"path":"/Users/krishedges/code/convolver-player/packages/react/react-convolver-player/src/assets/sounds/piano.wav","statementMap":{},"fnMap":{},"branchMap":{},"s":{},"f":{},"b":{},"meta":{"lastBranch":0,"lastFunction":0,"lastStatement":0,"seen":{}}}
,"/Users/krishedges/code/convolver-player/packages/react/react-convolver-player/src/assets/sounds/snare.wav": {"path":"/Users/krishedges/code/convolver-player/packages/react/react-convolver-player/src/assets/sounds/snare.wav","statementMap":{},"fnMap":{},"branchMap":{},"s":{},"f":{},"b":{},"meta":{"lastBranch":0,"lastFunction":0,"lastStatement":0,"seen":{}}}
,"/Users/krishedges/code/convolver-player/packages/react/react-convolver-player/src/components/ConvolverPlayer.tsx": {"path":"/Users/krishedges/code/convolver-player/packages/react/react-convolver-player/src/components/ConvolverPlayer.tsx","statementMap":{"0":{"start":{"line":16,"column":32},"end":{"line":21,"column":null}},"1":{"start":{"line":27,"column":8},"end":{"line":27,"column":51}},"2":{"start":{"line":28,"column":8},"end":{"line":28,"column":71}},"3":{"start":{"line":29,"column":8},"end":{"line":29,"column":64}},"4":{"start":{"line":30,"column":19},"end":{"line":30,"column":68}},"5":{"start":{"line":31,"column":17},"end":{"line":31,"column":50}},"6":{"start":{"line":32,"column":20},"end":{"line":32,"column":57}},"7":{"start":{"line":33,"column":30},"end":{"line":33,"column":80}},"8":{"start":{"line":34,"column":20},"end":{"line":34,"column":59}},"9":{"start":{"line":36,"column":8},"end":{"line":44,"column":24}},"10":{"start":{"line":38,"column":6},"end":{"line":38,"column":null}},"11":{"start":{"line":41,"column":6},"end":{"line":41,"column":null}},"12":{"start":{"line":43,"column":4},"end":{"line":43,"column":null}},"13":{"start":{"line":46,"column":8},"end":{"line":50,"column":23}},"14":{"start":{"line":47,"column":39},"end":{"line":47,"column":56}},"15":{"start":{"line":48,"column":4},"end":{"line":48,"column":null}},"16":{"start":{"line":48,"column":23},"end":{"line":48,"column":null}},"17":{"start":{"line":49,"column":4},"end":{"line":49,"column":null}},"18":{"start":{"line":52,"column":2},"end":{"line":60,"column":null}},"19":{"start":{"line":53,"column":4},"end":{"line":53,"column":null}},"20":{"start":{"line":56,"column":8},"end":{"line":56,"column":null}},"21":{"start":{"line":57,"column":8},"end":{"line":57,"column":null}},"22":{"start":{"line":63,"column":2},"end":{"line":83,"column":null}},"23":{"start":{"line":64,"column":25},"end":{"line":64,"column":42}},"24":{"start":{"line":67,"column":8},"end":{"line":71,"column":null}},"25":{"start":{"line":73,"column":8},"end":{"line":73,"column":null}},"26":{"start":{"line":79,"column":8},"end":{"line":79,"column":null}},"27":{"start":{"line":80,"column":8},"end":{"line":80,"column":null}},"28":{"start":{"line":86,"column":2},"end":{"line":90,"column":null}},"29":{"start":{"line":88,"column":6},"end":{"line":88,"column":null}},"30":{"start":{"line":92,"column":2},"end":{"line":134,"column":null}},"31":{"start":{"line":93,"column":32},"end":{"line":93,"column":49}},"32":{"start":{"line":96,"column":6},"end":{"line":96,"column":null}},"33":{"start":{"line":98,"column":8},"end":{"line":98,"column":null}},"34":{"start":{"line":99,"column":8},"end":{"line":99,"column":null}},"35":{"start":{"line":101,"column":16},"end":{"line":101,"column":59}},"36":{"start":{"line":103,"column":12},"end":{"line":103,"column":null}},"37":{"start":{"line":106,"column":8},"end":{"line":106,"column":null}},"38":{"start":{"line":107,"column":8},"end":{"line":107,"column":null}},"39":{"start":{"line":111,"column":23},"end":{"line":111,"column":77}},"40":{"start":{"line":112,"column":8},"end":{"line":112,"column":null}},"41":{"start":{"line":113,"column":8},"end":{"line":115,"column":null}},"42":{"start":{"line":116,"column":8},"end":{"line":116,"column":null}},"43":{"start":{"line":118,"column":16},"end":{"line":118,"column":74}},"44":{"start":{"line":119,"column":16},"end":{"line":119,"column":59}},"45":{"start":{"line":121,"column":12},"end":{"line":121,"column":null}},"46":{"start":{"line":125,"column":8},"end":{"line":125,"column":null}},"47":{"start":{"line":126,"column":8},"end":{"line":126,"column":null}},"48":{"start":{"line":127,"column":8},"end":{"line":127,"column":null}},"49":{"start":{"line":129,"column":8},"end":{"line":129,"column":null}},"50":{"start":{"line":133,"column":4},"end":{"line":133,"column":null}},"51":{"start":{"line":136,"column":8},"end":{"line":154,"column":null}},"52":{"start":{"line":138,"column":27},"end":{"line":138,"column":44}},"53":{"start":{"line":141,"column":8},"end":{"line":141,"column":null}},"54":{"start":{"line":144,"column":8},"end":{"line":144,"column":null}},"55":{"start":{"line":145,"column":8},"end":{"line":145,"column":null}},"56":{"start":{"line":148,"column":28},"end":{"line":148,"column":74}},"57":{"start":{"line":149,"column":8},"end":{"line":149,"column":null}},"58":{"start":{"line":151,"column":8},"end":{"line":151,"column":null}},"59":{"start":{"line":157,"column":8},"end":{"line":161,"column":8}},"60":{"start":{"line":158,"column":16},"end":{"line":158,"column":46}},"61":{"start":{"line":159,"column":4},"end":{"line":159,"column":null}},"62":{"start":{"line":160,"column":4},"end":{"line":160,"column":null}},"63":{"start":{"line":163,"column":2},"end":{"line":203,"column":null}},"64":{"start":{"line":167,"column":10},"end":{"line":173,"column":null}},"65":{"start":{"line":169,"column":27},"end":{"line":169,"column":52}}},"fnMap":{"0":{"name":"(anonymous_0)","decl":{"start":{"line":36,"column":26},"end":{"line":36,"column":44}},"loc":{"start":{"line":36,"column":44},"end":{"line":44,"column":6}},"line":36},"1":{"name":"(anonymous_1)","decl":{"start":{"line":46,"column":38},"end":{"line":46,"column":50}},"loc":{"start":{"line":46,"column":50},"end":{"line":50,"column":6}},"line":46},"2":{"name":"(anonymous_2)","decl":{"start":{"line":52,"column":2},"end":{"line":52,"column":18}},"loc":{"start":{"line":52,"column":18},"end":{"line":60,"column":6}},"line":52},"3":{"name":"(anonymous_3)","decl":{"start":{"line":63,"column":2},"end":{"line":63,"column":18}},"loc":{"start":{"line":63,"column":18},"end":{"line":83,"column":6}},"line":63},"4":{"name":"(anonymous_4)","decl":{"start":{"line":86,"column":2},"end":{"line":86,"column":18}},"loc":{"start":{"line":86,"column":18},"end":{"line":90,"column":6}},"line":86},"5":{"name":"(anonymous_5)","decl":{"start":{"line":92,"column":2},"end":{"line":92,"column":18}},"loc":{"start":{"line":92,"column":18},"end":{"line":134,"column":6}},"line":92},"6":{"name":"(anonymous_6)","decl":{"start":{"line":137,"column":4},"end":{"line":137,"column":11}},"loc":{"start":{"line":137,"column":33},"end":{"line":154,"column":5}},"line":137},"7":{"name":"(anonymous_7)","decl":{"start":{"line":157,"column":32},"end":{"line":157,"column":45}},"loc":{"start":{"line":157,"column":92},"end":{"line":161,"column":7}},"line":157},"8":{"name":"(anonymous_8)","decl":{"start":{"line":166,"column":20},"end":{"line":166,"column":25}},"loc":{"start":{"line":167,"column":10},"end":{"line":173,"column":null}},"line":167},"9":{"name":"(anonymous_9)","decl":{"start":{"line":169,"column":12},"end":{"line":169,"column":27}},"loc":{"start":{"line":169,"column":27},"end":{"line":169,"column":52}},"line":169}},"branchMap":{"0":{"loc":{"start":{"line":41,"column":42},"end":{"line":41,"column":93}},"type":"binary-expr","locations":[{"start":{"line":41,"column":42},"end":{"line":41,"column":65}},{"start":{"line":41,"column":65},"end":{"line":41,"column":93}}],"line":41},"1":{"loc":{"start":{"line":48,"column":4},"end":{"line":48,"column":null}},"type":"if","locations":[{"start":{"line":48,"column":4},"end":{"line":48,"column":null}},{"start":{},"end":{}}],"line":48},"2":{"loc":{"start":{"line":65,"column":8},"end":{"line":65,"column":34}},"type":"binary-expr","locations":[{"start":{"line":65,"column":8},"end":{"line":65,"column":24}},{"start":{"line":65,"column":24},"end":{"line":65,"column":34}}],"line":65},"3":{"loc":{"start":{"line":97,"column":10},"end":{"line":97,"column":47}},"type":"binary-expr","locations":[{"start":{"line":97,"column":10},"end":{"line":97,"column":34}},{"start":{"line":97,"column":34},"end":{"line":97,"column":47}}],"line":97},"4":{"loc":{"start":{"line":118,"column":39},"end":{"line":118,"column":74}},"type":"binary-expr","locations":[{"start":{"line":118,"column":39},"end":{"line":118,"column":60}},{"start":{"line":118,"column":60},"end":{"line":118,"column":74}}],"line":118},"5":{"loc":{"start":{"line":143,"column":10},"end":{"line":143,"column":72}},"type":"binary-expr","locations":[{"start":{"line":143,"column":10},"end":{"line":143,"column":27}},{"start":{"line":143,"column":27},"end":{"line":143,"column":61}},{"start":{"line":143,"column":61},"end":{"line":143,"column":72}}],"line":143},"6":{"loc":{"start":{"line":170,"column":22},"end":{"line":170,"column":null}},"type":"binary-expr","locations":[{"start":{"line":170,"column":22},"end":{"line":170,"column":46}},{"start":{"line":170,"column":46},"end":{"line":170,"column":59}},{"start":{"line":170,"column":59},"end":{"line":170,"column":null}}],"line":170},"7":{"loc":{"start":{"line":177,"column":9},"end":{"line":180,"column":null}},"type":"cond-expr","locations":[{"start":{"line":178,"column":10},"end":{"line":178,"column":null}},{"start":{"line":180,"column":10},"end":{"line":180,"column":null}}],"line":177}},"s":{"0":1,"1":30,"2":30,"3":30,"4":30,"5":30,"6":30,"7":30,"8":30,"9":30,"10":4,"11":9,"12":35,"13":30,"14":10,"15":10,"16":0,"17":10,"18":30,"19":10,"20":9,"21":9,"22":30,"23":18,"24":8,"25":0,"26":8,"27":8,"28":30,"29":1,"30":30,"31":10,"32":10,"33":0,"34":0,"35":0,"36":0,"37":0,"38":0,"39":10,"40":9,"41":9,"42":9,"43":8,"44":8,"45":8,"46":1,"47":1,"48":1,"49":10,"50":10,"51":30,"52":1,"53":0,"54":0,"55":0,"56":1,"57":1,"58":0,"59":30,"60":1,"61":1,"62":1,"63":30,"64":120,"65":1},"f":{"0":39,"1":10,"2":10,"3":18,"4":11,"5":10,"6":1,"7":1,"8":120,"9":1},"b":{"0":[9,0],"1":[0,10],"2":[18,18],"3":[10,10],"4":[8,0],"5":[1,1,1],"6":[120,80,36],"7":[20,10]},"meta":{"lastBranch":8,"lastFunction":10,"lastStatement":66,"seen":{"s:16:32:21:Infinity":0,"s:27:8:27:51":1,"s:28:8:28:71":2,"s:29:8:29:64":3,"s:30:19:30:68":4,"s:31:17:31:50":5,"s:32:20:32:57":6,"s:33:30:33:80":7,"s:34:20:34:59":8,"s:36:8:44:24":9,"f:36:26:36:44":0,"s:38:6:38:Infinity":10,"s:41:6:41:Infinity":11,"b:41:42:41:65:41:65:41:93":0,"s:43:4:43:Infinity":12,"s:46:8:50:23":13,"f:46:38:46:50":1,"s:47:39:47:56":14,"b:48:4:48:Infinity:undefined:undefined:undefined:undefined":1,"s:48:4:48:Infinity":15,"s:48:23:48:Infinity":16,"s:49:4:49:Infinity":17,"s:52:2:60:Infinity":18,"f:52:2:52:18":2,"s:53:4:53:Infinity":19,"s:56:8:56:Infinity":20,"s:57:8:57:Infinity":21,"s:63:2:83:Infinity":22,"f:63:2:63:18":3,"s:64:25:64:42":23,"b:65:8:65:24:65:24:65:34":2,"s:67:8:71:Infinity":24,"s:73:8:73:Infinity":25,"s:79:8:79:Infinity":26,"s:80:8:80:Infinity":27,"s:86:2:90:Infinity":28,"f:86:2:86:18":4,"s:88:6:88:Infinity":29,"s:92:2:134:Infinity":30,"f:92:2:92:18":5,"s:93:32:93:49":31,"s:96:6:96:Infinity":32,"b:97:10:97:34:97:34:97:47":3,"s:98:8:98:Infinity":33,"s:99:8:99:Infinity":34,"s:101:16:101:59":35,"s:103:12:103:Infinity":36,"s:106:8:106:Infinity":37,"s:107:8:107:Infinity":38,"s:111:23:111:77":39,"s:112:8:112:Infinity":40,"s:113:8:115:Infinity":41,"s:116:8:116:Infinity":42,"s:118:16:118:74":43,"b:118:39:118:60:118:60:118:74":4,"s:119:16:119:59":44,"s:121:12:121:Infinity":45,"s:125:8:125:Infinity":46,"s:126:8:126:Infinity":47,"s:127:8:127:Infinity":48,"s:129:8:129:Infinity":49,"s:133:4:133:Infinity":50,"s:136:8:154:Infinity":51,"f:137:4:137:11":6,"s:138:27:138:44":52,"s:141:8:141:Infinity":53,"b:143:10:143:27:143:27:143:61:143:61:143:72":5,"s:144:8:144:Infinity":54,"s:145:8:145:Infinity":55,"s:148:28:148:74":56,"s:149:8:149:Infinity":57,"s:151:8:151:Infinity":58,"s:157:8:161:8":59,"f:157:32:157:45":7,"s:158:16:158:46":60,"s:159:4:159:Infinity":61,"s:160:4:160:Infinity":62,"s:163:2:203:Infinity":63,"f:166:20:166:25":8,"s:167:10:173:Infinity":64,"f:169:12:169:27":9,"s:169:27:169:52":65,"b:170:22:170:46:170:46:170:59:170:59:170:Infinity":6,"b:178:10:178:Infinity:180:10:180:Infinity":7}}}
}
