<?xml version="1.0" encoding="UTF-8"?>
<coverage generated="1763236563585" clover="3.2.0">
  <project timestamp="1763236563585" name="All files">
    <metrics statements="160" coveredstatements="135" conditionals="46" coveredconditionals="34" methods="12" coveredmethods="10" elements="218" coveredelements="179" complexity="0" loc="160" ncloc="160" packages="2" files="5" classes="5"/>
    <package name="assets.sounds">
      <metrics statements="0" coveredstatements="0" conditionals="0" coveredconditionals="0" methods="0" coveredmethods="0"/>
      <file name="click.wav" path="/Users/krishedges/code/convolver-player/packages/vue/vue-convolver-player/src/assets/sounds/click.wav">
        <metrics statements="0" coveredstatements="0" conditionals="0" coveredconditionals="0" methods="0" coveredmethods="0"/>
      </file>
      <file name="guitar.wav" path="/Users/krishedges/code/convolver-player/packages/vue/vue-convolver-player/src/assets/sounds/guitar.wav">
        <metrics statements="0" coveredstatements="0" conditionals="0" coveredconditionals="0" methods="0" coveredmethods="0"/>
      </file>
      <file name="piano.wav" path="/Users/krishedges/code/convolver-player/packages/vue/vue-convolver-player/src/assets/sounds/piano.wav">
        <metrics statements="0" coveredstatements="0" conditionals="0" coveredconditionals="0" methods="0" coveredmethods="0"/>
      </file>
      <file name="snare.wav" path="/Users/krishedges/code/convolver-player/packages/vue/vue-convolver-player/src/assets/sounds/snare.wav">
        <metrics statements="0" coveredstatements="0" conditionals="0" coveredconditionals="0" methods="0" coveredmethods="0"/>
      </file>
    </package>
    <package name="components">
      <metrics statements="160" coveredstatements="135" conditionals="46" coveredconditionals="34" methods="12" coveredmethods="10"/>
      <file name="ConvolverPlayer.vue" path="/Users/krishedges/code/convolver-player/packages/vue/vue-convolver-player/src/components/ConvolverPlayer.vue">
        <metrics statements="160" coveredstatements="135" conditionals="46" coveredconditionals="34" methods="12" coveredmethods="10"/>
        <line num="2" count="1" type="stmt"/>
        <line num="3" count="1" type="stmt"/>
        <line num="4" count="144" type="stmt"/>
        <line num="10" count="1" type="stmt"/>
        <line num="16" count="1" type="stmt"/>
        <line num="19" count="1" type="stmt"/>
        <line num="20" count="1" type="stmt"/>
        <line num="22" count="2" type="cond" truecount="2" falsecount="0"/>
        <line num="24" count="1" type="stmt"/>
        <line num="45" count="17" type="stmt"/>
        <line num="47" count="17" type="stmt"/>
        <line num="48" count="32" type="cond" truecount="2" falsecount="0"/>
        <line num="50" count="17" type="stmt"/>
        <line num="51" count="17" type="stmt"/>
        <line num="52" count="17" type="stmt"/>
        <line num="53" count="17" type="stmt"/>
        <line num="54" count="17" type="stmt"/>
        <line num="55" count="17" type="stmt"/>
        <line num="56" count="17" type="stmt"/>
        <line num="59" count="17" type="stmt"/>
        <line num="60" count="17" type="stmt"/>
        <line num="61" count="17" type="stmt"/>
        <line num="63" count="17" type="stmt"/>
        <line num="64" count="17" type="stmt"/>
        <line num="66" count="17" type="stmt"/>
        <line num="68" count="17" type="stmt"/>
        <line num="69" count="19" type="stmt"/>
        <line num="77" count="17" type="stmt"/>
        <line num="87" count="0" type="stmt"/>
        <line num="88" count="0" type="stmt"/>
        <line num="92" count="17" type="stmt"/>
        <line num="94" count="0" type="stmt"/>
        <line num="96" count="16" type="stmt"/>
        <line num="98" count="16" type="stmt"/>
        <line num="99" count="15" type="cond" truecount="1" falsecount="1"/>
        <line num="100" count="17" type="stmt"/>
        <line num="102" count="1" type="stmt"/>
        <line num="105" count="1" type="stmt"/>
        <line num="106" count="1" type="stmt"/>
        <line num="107" count="1" type="stmt"/>
        <line num="114" count="0" type="cond" truecount="0" falsecount="2"/>
        <line num="116" count="0" type="stmt"/>
        <line num="118" count="0" type="stmt"/>
        <line num="119" count="0" type="stmt"/>
        <line num="124" count="1" type="stmt"/>
        <line num="128" count="1" type="stmt"/>
        <line num="129" count="1" type="stmt"/>
        <line num="133" count="1" type="stmt"/>
        <line num="138" count="1" type="stmt"/>
        <line num="139" count="1" type="stmt"/>
        <line num="141" count="0" type="stmt"/>
        <line num="145" count="1" type="stmt"/>
        <line num="148" count="1" type="stmt"/>
        <line num="151" count="7" type="stmt"/>
        <line num="157" count="7" type="stmt"/>
        <line num="159" count="0" type="stmt"/>
        <line num="161" count="7" type="stmt"/>
        <line num="163" count="7" type="stmt"/>
        <line num="164" count="6" type="stmt"/>
        <line num="166" count="1" type="stmt"/>
        <line num="167" count="1" type="stmt"/>
        <line num="170" count="0" type="stmt"/>
        <line num="171" count="0" type="stmt"/>
        <line num="175" count="6" type="stmt"/>
        <line num="176" count="6" type="stmt"/>
        <line num="179" count="5" type="stmt"/>
        <line num="181" count="6" type="stmt"/>
        <line num="183" count="6" type="stmt"/>
        <line num="184" count="6" type="stmt"/>
        <line num="185" count="6" type="stmt"/>
        <line num="187" count="6" type="stmt"/>
        <line num="188" count="6" type="stmt"/>
        <line num="189" count="6" type="stmt"/>
        <line num="191" count="6" type="stmt"/>
        <line num="192" count="6" type="stmt"/>
        <line num="194" count="6" type="stmt"/>
        <line num="195" count="6" type="stmt"/>
        <line num="196" count="6" type="stmt"/>
        <line num="198" count="6" type="stmt"/>
        <line num="201" count="0" type="stmt"/>
        <line num="204" count="6" type="stmt"/>
        <line num="205" count="6" type="stmt"/>
        <line num="206" count="0" type="stmt"/>
        <line num="207" count="0" type="stmt"/>
        <line num="208" count="0" type="stmt"/>
        <line num="209" count="0" type="stmt"/>
        <line num="210" count="0" type="stmt"/>
        <line num="211" count="0" type="stmt"/>
        <line num="212" count="0" type="stmt"/>
        <line num="217" count="29" type="cond" truecount="1" falsecount="1"/>
        <line num="219" count="29" type="stmt"/>
        <line num="220" count="29" type="stmt"/>
        <line num="221" count="29" type="stmt"/>
        <line num="222" count="29" type="stmt"/>
        <line num="224" count="29" type="stmt"/>
        <line num="225" count="29" type="cond" truecount="1" falsecount="1"/>
        <line num="227" count="29" type="cond" truecount="1" falsecount="1"/>
        <line num="228" count="29" type="stmt"/>
        <line num="229" count="29" type="stmt"/>
        <line num="231" count="29" type="stmt"/>
        <line num="233" count="29" type="stmt"/>
        <line num="234" count="29" type="stmt"/>
        <line num="235" count="29" type="stmt"/>
        <line num="237" count="29" type="stmt"/>
        <line num="238" count="29" type="stmt"/>
        <line num="242" count="29" type="cond" truecount="4" falsecount="0"/>
        <line num="244" count="28" type="stmt"/>
        <line num="245" count="28" type="stmt"/>
        <line num="247" count="28" type="stmt"/>
        <line num="248" count="28" type="stmt"/>
        <line num="249" count="28" type="stmt"/>
        <line num="251" count="28" type="stmt"/>
        <line num="253" count="28" type="stmt"/>
        <line num="258" count="28" type="cond" truecount="1" falsecount="1"/>
        <line num="260" count="28" type="stmt"/>
        <line num="262" count="28" type="stmt"/>
        <line num="263" count="28" type="stmt"/>
        <line num="264" count="28" type="stmt"/>
        <line num="266" count="28" type="stmt"/>
        <line num="267" count="8400" type="stmt"/>
        <line num="268" count="8400" type="stmt"/>
        <line num="269" count="8400" type="stmt"/>
        <line num="270" count="8400" type="stmt"/>
        <line num="273" count="28" type="stmt"/>
        <line num="275" count="28" type="stmt"/>
        <line num="276" count="28" type="stmt"/>
        <line num="278" count="28" type="stmt"/>
        <line num="279" count="0" type="stmt"/>
        <line num="281" count="0" type="cond" truecount="0" falsecount="2"/>
        <line num="282" count="0" type="cond" truecount="0" falsecount="2"/>
        <line num="287" count="8400" type="stmt"/>
        <line num="288" count="8400" type="stmt"/>
        <line num="290" count="8400" type="stmt"/>
        <line num="291" count="8400" type="stmt"/>
        <line num="293" count="28" type="stmt"/>
        <line num="296" count="33" type="stmt"/>
        <line num="298" count="17" type="stmt"/>
        <line num="300" count="1" type="stmt"/>
        <line num="301" count="1" type="stmt"/>
        <line num="303" count="1" type="stmt"/>
        <line num="308" count="17" type="stmt"/>
        <line num="310" count="2" type="stmt"/>
        <line num="313" count="2" type="stmt"/>
        <line num="317" count="17" type="stmt"/>
        <line num="319" count="2" type="stmt"/>
        <line num="321" count="17" type="stmt"/>
        <line num="324" count="17" type="stmt"/>
        <line num="326" count="17" type="stmt"/>
        <line num="328" count="15" type="cond" truecount="1" falsecount="1"/>
        <line num="330" count="15" type="stmt"/>
        <line num="332" count="0" type="stmt"/>
        <line num="337" count="1" type="stmt"/>
        <line num="340" count="17" type="stmt"/>
        <line num="342" count="0" type="stmt"/>
        <line num="344" count="0" type="stmt"/>
        <line num="348" count="17" type="stmt"/>
        <line num="352" count="17" type="stmt"/>
        <line num="354" count="1" type="stmt"/>
        <line num="357" count="1" type="stmt"/>
        <line num="360" count="1" type="stmt"/>
      </file>
    </package>
  </project>
</coverage>
