{"/Users/krishedges/code/convolver-player/packages/vue/vue-convolver-player/src/assets/sounds/click.wav": {"path":"/Users/krishedges/code/convolver-player/packages/vue/vue-convolver-player/src/assets/sounds/click.wav","statementMap":{},"fnMap":{},"branchMap":{},"s":{},"f":{},"b":{},"meta":{"lastBranch":0,"lastFunction":0,"lastStatement":0,"seen":{}}}
,"/Users/krishedges/code/convolver-player/packages/vue/vue-convolver-player/src/assets/sounds/guitar.wav": {"path":"/Users/krishedges/code/convolver-player/packages/vue/vue-convolver-player/src/assets/sounds/guitar.wav","statementMap":{},"fnMap":{},"branchMap":{},"s":{},"f":{},"b":{},"meta":{"lastBranch":0,"lastFunction":0,"lastStatement":0,"seen":{}}}
,"/Users/krishedges/code/convolver-player/packages/vue/vue-convolver-player/src/assets/sounds/piano.wav": {"path":"/Users/krishedges/code/convolver-player/packages/vue/vue-convolver-player/src/assets/sounds/piano.wav","statementMap":{},"fnMap":{},"branchMap":{},"s":{},"f":{},"b":{},"meta":{"lastBranch":0,"lastFunction":0,"lastStatement":0,"seen":{}}}
,"/Users/krishedges/code/convolver-player/packages/vue/vue-convolver-player/src/assets/sounds/snare.wav": {"path":"/Users/krishedges/code/convolver-player/packages/vue/vue-convolver-player/src/assets/sounds/snare.wav","statementMap":{},"fnMap":{},"branchMap":{},"s":{},"f":{},"b":{},"meta":{"lastBranch":0,"lastFunction":0,"lastStatement":0,"seen":{}}}
,"/Users/krishedges/code/convolver-player/packages/vue/vue-convolver-player/src/components/ConvolverPlayer.vue": {"path":"/Users/krishedges/code/convolver-player/packages/vue/vue-convolver-player/src/components/ConvolverPlayer.vue","statementMap":{"0":{"start":{"line":45,"column":14},"end":{"line":45,"column":null}},"1":{"start":{"line":47,"column":6},"end":{"line":47,"column":56}},"2":{"start":{"line":48,"column":6},"end":{"line":48,"column":110}},"3":{"start":{"line":48,"column":64},"end":{"line":48,"column":110}},"4":{"start":{"line":50,"column":6},"end":{"line":50,"column":53}},"5":{"start":{"line":51,"column":6},"end":{"line":51,"column":46}},"6":{"start":{"line":52,"column":6},"end":{"line":52,"column":34}},"7":{"start":{"line":53,"column":6},"end":{"line":53,"column":58}},"8":{"start":{"line":54,"column":43},"end":{"line":54,"column":null}},"9":{"start":{"line":55,"column":27},"end":{"line":55,"column":null}},"10":{"start":{"line":56,"column":4},"end":{"line":56,"column":40}},"11":{"start":{"line":59,"column":4},"end":{"line":59,"column":64}},"12":{"start":{"line":60,"column":4},"end":{"line":60,"column":46}},"13":{"start":{"line":61,"column":4},"end":{"line":61,"column":46}},"14":{"start":{"line":63,"column":6},"end":{"line":63,"column":41}},"15":{"start":{"line":64,"column":6},"end":{"line":64,"column":38}},"16":{"start":{"line":66,"column":6},"end":{"line":66,"column":35}},"17":{"start":{"line":68,"column":6},"end":{"line":70,"column":null}},"18":{"start":{"line":69,"column":2},"end":{"line":69,"column":null}},"19":{"start":{"line":77,"column":32},"end":{"line":82,"column":null}},"20":{"start":{"line":87,"column":4},"end":{"line":87,"column":null}},"21":{"start":{"line":88,"column":4},"end":{"line":88,"column":null}},"22":{"start":{"line":92,"column":21},"end":{"line":92,"column":38}},"23":{"start":{"line":94,"column":6},"end":{"line":94,"column":null}},"24":{"start":{"line":96,"column":24},"end":{"line":96,"column":52}},"25":{"start":{"line":98,"column":6},"end":{"line":98,"column":null}},"26":{"start":{"line":99,"column":6},"end":{"line":99,"column":null}},"27":{"start":{"line":100,"column":6},"end":{"line":100,"column":null}},"28":{"start":{"line":102,"column":6},"end":{"line":102,"column":null}},"29":{"start":{"line":105,"column":4},"end":{"line":105,"column":null}},"30":{"start":{"line":106,"column":4},"end":{"line":106,"column":null}},"31":{"start":{"line":107,"column":4},"end":{"line":107,"column":null}},"32":{"start":{"line":114,"column":25},"end":{"line":114,"column":null}},"33":{"start":{"line":116,"column":6},"end":{"line":116,"column":null}},"34":{"start":{"line":118,"column":6},"end":{"line":118,"column":null}},"35":{"start":{"line":119,"column":6},"end":{"line":119,"column":null}},"36":{"start":{"line":124,"column":4},"end":{"line":124,"column":null}},"37":{"start":{"line":128,"column":4},"end":{"line":128,"column":null}},"38":{"start":{"line":129,"column":4},"end":{"line":129,"column":null}},"39":{"start":{"line":133,"column":4},"end":{"line":133,"column":null}},"40":{"start":{"line":138,"column":6},"end":{"line":138,"column":null}},"41":{"start":{"line":139,"column":6},"end":{"line":139,"column":null}},"42":{"start":{"line":141,"column":6},"end":{"line":141,"column":null}},"43":{"start":{"line":145,"column":4},"end":{"line":145,"column":null}},"44":{"start":{"line":148,"column":4},"end":{"line":148,"column":null}},"45":{"start":{"line":151,"column":23},"end":{"line":151,"column":69}},"46":{"start":{"line":157,"column":23},"end":{"line":157,"column":52}},"47":{"start":{"line":159,"column":8},"end":{"line":159,"column":null}},"48":{"start":{"line":161,"column":26},"end":{"line":161,"column":54}},"49":{"start":{"line":163,"column":8},"end":{"line":163,"column":null}},"50":{"start":{"line":164,"column":8},"end":{"line":164,"column":null}},"51":{"start":{"line":166,"column":8},"end":{"line":166,"column":null}},"52":{"start":{"line":167,"column":8},"end":{"line":167,"column":null}},"53":{"start":{"line":170,"column":6},"end":{"line":170,"column":null}},"54":{"start":{"line":171,"column":6},"end":{"line":171,"column":null}},"55":{"start":{"line":175,"column":2},"end":{"line":175,"column":null}},"56":{"start":{"line":176,"column":2},"end":{"line":176,"column":null}},"57":{"start":{"line":179,"column":4},"end":{"line":179,"column":null}},"58":{"start":{"line":181,"column":2},"end":{"line":181,"column":null}},"59":{"start":{"line":183,"column":18},"end":{"line":183,"column":56}},"60":{"start":{"line":184,"column":2},"end":{"line":184,"column":null}},"61":{"start":{"line":185,"column":2},"end":{"line":185,"column":null}},"62":{"start":{"line":187,"column":18},"end":{"line":187,"column":56}},"63":{"start":{"line":188,"column":2},"end":{"line":188,"column":null}},"64":{"start":{"line":189,"column":2},"end":{"line":189,"column":null}},"65":{"start":{"line":191,"column":2},"end":{"line":191,"column":null}},"66":{"start":{"line":192,"column":2},"end":{"line":192,"column":null}},"67":{"start":{"line":194,"column":2},"end":{"line":194,"column":null}},"68":{"start":{"line":195,"column":2},"end":{"line":195,"column":null}},"69":{"start":{"line":196,"column":2},"end":{"line":196,"column":null}},"70":{"start":{"line":198,"column":2},"end":{"line":198,"column":null}},"71":{"start":{"line":201,"column":4},"end":{"line":201,"column":null}},"72":{"start":{"line":204,"column":24},"end":{"line":204,"column":null}},"73":{"start":{"line":205,"column":2},"end":{"line":213,"column":null}},"74":{"start":{"line":206,"column":4},"end":{"line":206,"column":null}},"75":{"start":{"line":207,"column":4},"end":{"line":207,"column":null}},"76":{"start":{"line":208,"column":4},"end":{"line":208,"column":null}},"77":{"start":{"line":209,"column":4},"end":{"line":209,"column":null}},"78":{"start":{"line":210,"column":4},"end":{"line":210,"column":null}},"79":{"start":{"line":211,"column":4},"end":{"line":211,"column":null}},"80":{"start":{"line":212,"column":4},"end":{"line":212,"column":null}},"81":{"start":{"line":217,"column":2},"end":{"line":217,"column":null}},"82":{"start":{"line":217,"column":29},"end":{"line":217,"column":null}},"83":{"start":{"line":219,"column":17},"end":{"line":219,"column":null}},"84":{"start":{"line":220,"column":15},"end":{"line":220,"column":45}},"85":{"start":{"line":221,"column":23},"end":{"line":221,"column":null}},"86":{"start":{"line":222,"column":24},"end":{"line":222,"column":null}},"87":{"start":{"line":224,"column":2},"end":{"line":224,"column":null}},"88":{"start":{"line":225,"column":2},"end":{"line":225,"column":null}},"89":{"start":{"line":225,"column":12},"end":{"line":225,"column":null}},"90":{"start":{"line":227,"column":14},"end":{"line":227,"column":null}},"91":{"start":{"line":228,"column":2},"end":{"line":228,"column":null}},"92":{"start":{"line":229,"column":2},"end":{"line":229,"column":null}},"93":{"start":{"line":231,"column":2},"end":{"line":231,"column":null}},"94":{"start":{"line":233,"column":24},"end":{"line":233,"column":48}},"95":{"start":{"line":234,"column":2},"end":{"line":234,"column":null}},"96":{"start":{"line":235,"column":2},"end":{"line":235,"column":null}},"97":{"start":{"line":237,"column":2},"end":{"line":237,"column":null}},"98":{"start":{"line":238,"column":2},"end":{"line":238,"column":null}},"99":{"start":{"line":242,"column":2},"end":{"line":242,"column":null}},"100":{"start":{"line":242,"column":31},"end":{"line":242,"column":null}},"101":{"start":{"line":244,"column":15},"end":{"line":244,"column":47}},"102":{"start":{"line":245,"column":15},"end":{"line":245,"column":45}},"103":{"start":{"line":247,"column":21},"end":{"line":247,"column":null}},"104":{"start":{"line":248,"column":15},"end":{"line":248,"column":18}},"105":{"start":{"line":249,"column":18},"end":{"line":249,"column":null}},"106":{"start":{"line":251,"column":23},"end":{"line":251,"column":38}},"107":{"start":{"line":253,"column":8},"end":{"line":253,"column":null}},"108":{"start":{"line":258,"column":2},"end":{"line":258,"column":null}},"109":{"start":{"line":258,"column":26},"end":{"line":258,"column":null}},"110":{"start":{"line":260,"column":25},"end":{"line":260,"column":null}},"111":{"start":{"line":262,"column":2},"end":{"line":262,"column":null}},"112":{"start":{"line":263,"column":2},"end":{"line":263,"column":null}},"113":{"start":{"line":264,"column":2},"end":{"line":264,"column":null}},"114":{"start":{"line":266,"column":15},"end":{"line":266,"column":18}},"115":{"start":{"line":267,"column":14},"end":{"line":267,"column":null}},"116":{"start":{"line":268,"column":14},"end":{"line":268,"column":null}},"117":{"start":{"line":269,"column":23},"end":{"line":269,"column":null}},"118":{"start":{"line":270,"column":21},"end":{"line":270,"column":61}},"119":{"start":{"line":273,"column":25},"end":{"line":273,"column":null}},"120":{"start":{"line":275,"column":8},"end":{"line":275,"column":null}},"121":{"start":{"line":276,"column":8},"end":{"line":276,"column":null}},"122":{"start":{"line":278,"column":19},"end":{"line":278,"column":35}},"123":{"start":{"line":279,"column":22},"end":{"line":279,"column":null}},"124":{"start":{"line":281,"column":10},"end":{"line":281,"column":null}},"125":{"start":{"line":281,"column":27},"end":{"line":281,"column":null}},"126":{"start":{"line":282,"column":10},"end":{"line":282,"column":null}},"127":{"start":{"line":282,"column":27},"end":{"line":282,"column":null}},"128":{"start":{"line":287,"column":26},"end":{"line":287,"column":null}},"129":{"start":{"line":288,"column":26},"end":{"line":288,"column":null}},"130":{"start":{"line":290,"column":4},"end":{"line":290,"column":null}},"131":{"start":{"line":291,"column":4},"end":{"line":291,"column":null}},"132":{"start":{"line":293,"column":2},"end":{"line":293,"column":null}},"133":{"start":{"line":296,"column":0},"end":{"line":306,"column":null}},"134":{"start":{"line":296,"column":13},"end":{"line":296,"column":31}},"135":{"start":{"line":298,"column":4},"end":{"line":298,"column":null}},"136":{"start":{"line":300,"column":4},"end":{"line":300,"column":null}},"137":{"start":{"line":301,"column":4},"end":{"line":301,"column":null}},"138":{"start":{"line":303,"column":6},"end":{"line":303,"column":null}},"139":{"start":{"line":308,"column":0},"end":{"line":315,"column":null}},"140":{"start":{"line":310,"column":4},"end":{"line":310,"column":null}},"141":{"start":{"line":313,"column":4},"end":{"line":313,"column":null}},"142":{"start":{"line":317,"column":0},"end":{"line":322,"column":null}},"143":{"start":{"line":319,"column":4},"end":{"line":319,"column":null}},"144":{"start":{"line":321,"column":2},"end":{"line":321,"column":null}},"145":{"start":{"line":324,"column":44},"end":{"line":324,"column":null}},"146":{"start":{"line":326,"column":0},"end":{"line":350,"column":null}},"147":{"start":{"line":328,"column":25},"end":{"line":328,"column":null}},"148":{"start":{"line":330,"column":6},"end":{"line":330,"column":null}},"149":{"start":{"line":332,"column":6},"end":{"line":332,"column":null}},"150":{"start":{"line":337,"column":4},"end":{"line":337,"column":null}},"151":{"start":{"line":340,"column":2},"end":{"line":345,"column":null}},"152":{"start":{"line":342,"column":6},"end":{"line":342,"column":null}},"153":{"start":{"line":344,"column":4},"end":{"line":344,"column":null}},"154":{"start":{"line":348,"column":4},"end":{"line":348,"column":null}},"155":{"start":{"line":352,"column":0},"end":{"line":362,"column":null}},"156":{"start":{"line":354,"column":4},"end":{"line":354,"column":null}},"157":{"start":{"line":357,"column":4},"end":{"line":357,"column":null}},"158":{"start":{"line":360,"column":4},"end":{"line":360,"column":null}},"159":{"start":{"line":2,"column":7},"end":{"line":2,"column":31}},"160":{"start":{"line":3,"column":9},"end":{"line":3,"column":35}},"161":{"start":{"line":10,"column":9},"end":{"line":10,"column":32}},"162":{"start":{"line":16,"column":11},"end":{"line":16,"column":38}},"163":{"start":{"line":19,"column":11},"end":{"line":19,"column":36}},"164":{"start":{"line":20,"column":13},"end":{"line":20,"column":32}},"165":{"start":{"line":24,"column":16},"end":{"line":24,"column":42}},"166":{"start":{"line":4,"column":6},"end":{"line":7,"column":null}},"167":{"start":{"line":4,"column":90},"end":{"line":4,"column":109}},"168":{"start":{"line":22,"column":81},"end":{"line":22,"column":null}}},"fnMap":{"0":{"name":"(anonymous_0)","decl":{"start":{"line":48,"column":28},"end":{"line":48,"column":64}},"loc":{"start":{"line":48,"column":64},"end":{"line":48,"column":110}},"line":48},"1":{"name":"(anonymous_1)","decl":{"start":{"line":68,"column":25},"end":{"line":68,"column":48}},"loc":{"start":{"line":68,"column":48},"end":{"line":70,"column":null}},"line":68},"2":{"name":"(anonymous_2)","decl":{"start":{"line":205,"column":20},"end":{"line":205,"column":37}},"loc":{"start":{"line":205,"column":37},"end":{"line":213,"column":21}},"line":205},"3":{"name":"(anonymous_3)","decl":{"start":{"line":296,"column":6},"end":{"line":296,"column":13}},"loc":{"start":{"line":296,"column":13},"end":{"line":296,"column":31}},"line":296},"4":{"name":"(anonymous_4)","decl":{"start":{"line":296,"column":51},"end":{"line":296,"column":54}},"loc":{"start":{"line":296,"column":85},"end":{"line":306,"column":5}},"line":296},"5":{"name":"(anonymous_5)","decl":{"start":{"line":308,"column":6},"end":{"line":308,"column":21}},"loc":{"start":{"line":308,"column":42},"end":{"line":315,"column":null}},"line":308},"6":{"name":"(anonymous_6)","decl":{"start":{"line":317,"column":6},"end":{"line":317,"column":22}},"loc":{"start":{"line":317,"column":22},"end":{"line":322,"column":null}},"line":317},"7":{"name":"(anonymous_7)","decl":{"start":{"line":326,"column":0},"end":{"line":326,"column":16}},"loc":{"start":{"line":326,"column":16},"end":{"line":350,"column":null}},"line":326},"8":{"name":"(anonymous_8)","decl":{"start":{"line":340,"column":23},"end":{"line":340,"column":44}},"loc":{"start":{"line":340,"column":44},"end":{"line":345,"column":null}},"line":340},"9":{"name":"(anonymous_9)","decl":{"start":{"line":352,"column":0},"end":{"line":352,"column":22}},"loc":{"start":{"line":352,"column":22},"end":{"line":362,"column":null}},"line":352},"10":{"name":"(anonymous_10)","decl":{"start":{"line":4,"column":83},"end":{"line":4,"column":88}},"loc":{"start":{"line":4,"column":90},"end":{"line":4,"column":109}},"line":4},"11":{"name":"(anonymous_11)","decl":{"start":{"line":22,"column":81},"end":{"line":22,"column":93}},"loc":{"start":{"line":22,"column":81},"end":{"line":22,"column":null}},"line":22}},"branchMap":{"0":{"loc":{"start":{"line":48,"column":64},"end":{"line":48,"column":110}},"type":"binary-expr","locations":[{"start":{"line":48,"column":64},"end":{"line":48,"column":86}},{"start":{"line":48,"column":86},"end":{"line":48,"column":110}}],"line":48},"1":{"loc":{"start":{"line":99,"column":25},"end":{"line":99,"column":null}},"type":"binary-expr","locations":[{"start":{"line":99,"column":25},"end":{"line":99,"column":46}},{"start":{"line":99,"column":50},"end":{"line":99,"column":null}}],"line":99},"2":{"loc":{"start":{"line":114,"column":25},"end":{"line":114,"column":null}},"type":"binary-expr","locations":[{"start":{"line":114,"column":25},"end":{"line":114,"column":49}},{"start":{"line":114,"column":49},"end":{"line":114,"column":null}}],"line":114},"3":{"loc":{"start":{"line":123,"column":6},"end":{"line":123,"column":84}},"type":"binary-expr","locations":[{"start":{"line":123,"column":6},"end":{"line":123,"column":35}},{"start":{"line":123,"column":35},"end":{"line":123,"column":84}}],"line":123},"4":{"loc":{"start":{"line":127,"column":6},"end":{"line":127,"column":53}},"type":"binary-expr","locations":[{"start":{"line":127,"column":6},"end":{"line":127,"column":36}},{"start":{"line":127,"column":36},"end":{"line":127,"column":53}}],"line":127},"5":{"loc":{"start":{"line":217,"column":2},"end":{"line":217,"column":null}},"type":"if","locations":[{"start":{"line":217,"column":2},"end":{"line":217,"column":null}},{"start":{},"end":{}}],"line":217},"6":{"loc":{"start":{"line":225,"column":2},"end":{"line":225,"column":null}},"type":"if","locations":[{"start":{"line":225,"column":2},"end":{"line":225,"column":null}},{"start":{},"end":{}}],"line":225},"7":{"loc":{"start":{"line":227,"column":14},"end":{"line":227,"column":null}},"type":"binary-expr","locations":[{"start":{"line":227,"column":14},"end":{"line":227,"column":41}},{"start":{"line":227,"column":41},"end":{"line":227,"column":null}}],"line":227},"8":{"loc":{"start":{"line":242,"column":2},"end":{"line":242,"column":null}},"type":"if","locations":[{"start":{"line":242,"column":2},"end":{"line":242,"column":null}},{"start":{},"end":{}}],"line":242},"9":{"loc":{"start":{"line":242,"column":6},"end":{"line":242,"column":31}},"type":"binary-expr","locations":[{"start":{"line":242,"column":6},"end":{"line":242,"column":14}},{"start":{"line":242,"column":14},"end":{"line":242,"column":31}}],"line":242},"10":{"loc":{"start":{"line":258,"column":2},"end":{"line":258,"column":null}},"type":"if","locations":[{"start":{"line":258,"column":2},"end":{"line":258,"column":null}},{"start":{},"end":{}}],"line":258},"11":{"loc":{"start":{"line":281,"column":10},"end":{"line":281,"column":null}},"type":"if","locations":[{"start":{"line":281,"column":10},"end":{"line":281,"column":null}},{"start":{},"end":{}}],"line":281},"12":{"loc":{"start":{"line":282,"column":10},"end":{"line":282,"column":null}},"type":"if","locations":[{"start":{"line":282,"column":10},"end":{"line":282,"column":null}},{"start":{},"end":{}}],"line":282},"13":{"loc":{"start":{"line":297,"column":6},"end":{"line":297,"column":34}},"type":"binary-expr","locations":[{"start":{"line":297,"column":6},"end":{"line":297,"column":17}},{"start":{"line":297,"column":17},"end":{"line":297,"column":34}}],"line":297},"14":{"loc":{"start":{"line":302,"column":8},"end":{"line":302,"column":37}},"type":"binary-expr","locations":[{"start":{"line":302,"column":8},"end":{"line":302,"column":15}},{"start":{"line":302,"column":15},"end":{"line":302,"column":37}}],"line":302},"15":{"loc":{"start":{"line":328,"column":25},"end":{"line":328,"column":null}},"type":"binary-expr","locations":[{"start":{"line":328,"column":25},"end":{"line":328,"column":49}},{"start":{"line":328,"column":49},"end":{"line":328,"column":null}}],"line":328},"16":{"loc":{"start":{"line":336,"column":6},"end":{"line":336,"column":84}},"type":"binary-expr","locations":[{"start":{"line":336,"column":6},"end":{"line":336,"column":35}},{"start":{"line":336,"column":35},"end":{"line":336,"column":84}}],"line":336},"17":{"loc":{"start":{"line":347,"column":6},"end":{"line":347,"column":66}},"type":"binary-expr","locations":[{"start":{"line":347,"column":6},"end":{"line":347,"column":30}},{"start":{"line":347,"column":30},"end":{"line":347,"column":66}}],"line":347},"18":{"loc":{"start":{"line":359,"column":6},"end":{"line":359,"column":77}},"type":"binary-expr","locations":[{"start":{"line":359,"column":6},"end":{"line":359,"column":33}},{"start":{"line":359,"column":33},"end":{"line":359,"column":77}}],"line":359},"19":{"loc":{"start":{"line":6,"column":8},"end":{"line":6,"column":36}},"type":"binary-expr","locations":[{"start":{"line":6,"column":8},"end":{"line":6,"column":11}},{"start":{"line":6,"column":8},"end":{"line":6,"column":36}}],"line":6},"20":{"loc":{"start":{"line":11,"column":16},"end":{"line":14,"column":null}},"type":"cond-expr","locations":[{"start":{"line":11,"column":16},"end":{"line":14,"column":null}},{"start":{"line":14,"column":46},"end":{"line":14,"column":null}}],"line":11},"21":{"loc":{"start":{"line":21,"column":10},"end":{"line":21,"column":47}},"type":"binary-expr","locations":[{"start":{"line":21,"column":10},"end":{"line":21,"column":17}},{"start":{"line":21,"column":10},"end":{"line":21,"column":47}}],"line":21},"22":{"loc":{"start":{"line":22,"column":81},"end":{"line":22,"column":null}},"type":"binary-expr","locations":[{"start":{"line":22,"column":81},"end":{"line":22,"column":93}},{"start":{"line":22,"column":81},"end":{"line":22,"column":null}}],"line":22}},"s":{"0":17,"1":17,"2":17,"3":32,"4":17,"5":17,"6":17,"7":17,"8":17,"9":17,"10":17,"11":17,"12":17,"13":17,"14":17,"15":17,"16":17,"17":17,"18":19,"19":17,"20":0,"21":0,"22":17,"23":0,"24":16,"25":16,"26":15,"27":17,"28":1,"29":1,"30":1,"31":1,"32":0,"33":0,"34":0,"35":0,"36":1,"37":1,"38":1,"39":1,"40":1,"41":1,"42":0,"43":1,"44":1,"45":7,"46":7,"47":0,"48":7,"49":7,"50":6,"51":1,"52":1,"53":0,"54":0,"55":6,"56":6,"57":5,"58":6,"59":6,"60":6,"61":6,"62":6,"63":6,"64":6,"65":6,"66":6,"67":6,"68":6,"69":6,"70":6,"71":0,"72":6,"73":6,"74":0,"75":0,"76":0,"77":0,"78":0,"79":0,"80":0,"81":29,"82":0,"83":29,"84":29,"85":29,"86":29,"87":29,"88":29,"89":0,"90":29,"91":29,"92":29,"93":29,"94":29,"95":29,"96":29,"97":29,"98":29,"99":29,"100":1,"101":28,"102":28,"103":28,"104":28,"105":28,"106":28,"107":28,"108":28,"109":0,"110":28,"111":28,"112":28,"113":28,"114":28,"115":8400,"116":8400,"117":8400,"118":8400,"119":28,"120":28,"121":28,"122":28,"123":0,"124":0,"125":0,"126":0,"127":0,"128":8400,"129":8400,"130":8400,"131":8400,"132":28,"133":17,"134":33,"135":17,"136":1,"137":1,"138":1,"139":17,"140":2,"141":2,"142":17,"143":2,"144":17,"145":17,"146":17,"147":15,"148":15,"149":0,"150":1,"151":17,"152":0,"153":0,"154":17,"155":17,"156":1,"157":1,"158":1,"159":1,"160":1,"161":1,"162":1,"163":1,"164":1,"165":1,"166":144,"167":7,"168":2},"f":{"0":32,"1":19,"2":0,"3":33,"4":33,"5":2,"6":17,"7":17,"8":0,"9":1,"10":7,"11":2},"b":{"0":[32,30],"1":[15,0],"2":[0,0],"3":[8,8],"4":[8,8],"5":[0,29],"6":[0,29],"7":[29,0],"8":[1,28],"9":[29,29],"10":[0,28],"11":[0,0],"12":[0,0],"13":[33,32],"14":[1,1],"15":[15,0],"16":[17,17],"17":[17,17],"18":[1,1],"19":[144,17],"20":[18,18],"21":[36,17],"22":[36,17]},"meta":{"lastBranch":0,"lastFunction":0,"lastStatement":0,"seen":{}}}
}
